<?xml version="1.0" encoding="UTF-8"?>
<!-- Generated by org.testng.reporters.JUnitXMLReporter -->
<testsuite hostname="BaBa-Rasheed" failures="0" tests="4" name="Test" time="136.376" errors="0" timestamp="8 Jan 2022 19:26:15 GMT">
  <testcase classname="E2EDaraz.TestASSportsBrand" name="@BeforeTest StartCricketPage" time="0.0">
    <failure type="org.openqa.selenium.WebDriverException" message="disconnected: Unable to receive message from renderer
  (Session info: chrome=97.0.4692.71)
Build info: version: &amp;apos;4.1.1&amp;apos;, revision: &amp;apos;e8fcc2cecf&amp;apos;
System info: host: &amp;apos;BABA-RASHEED&amp;apos;, ip: &amp;apos;192.168.8.101&amp;apos;, os.name: &amp;apos;Windows 7&amp;apos;, os.arch: &amp;apos;amd64&amp;apos;, os.version: &amp;apos;6.1&amp;apos;, java.version: &amp;apos;16.0.2&amp;apos;
Driver info: org.openqa.selenium.chrome.ChromeDriver
Command: [8bda3954266186d144ec7889ac31014b, get {url=https://www.daraz.pk/}]
Capabilities {acceptInsecureCerts: false, browserName: chrome, browserVersion: 97.0.4692.71, chrome: {chromedriverVersion: 97.0.4692.71 (adefa7837d02a..., userDataDir: C:\Users\Kashan\AppData\Loc...}, goog:chromeOptions: {debuggerAddress: localhost:58406}, javascriptEnabled: true, networkConnectionEnabled: false, pageLoadStrategy: normal, platform: WINDOWS, platformName: WINDOWS, proxy: Proxy(), se:cdp: ws://localhost:58406/devtoo..., se:cdpVersion: 97.0.4692.71, setWindowRect: true, strictFileInteractability: false, timeouts: {implicit: 0, pageLoad: 300000, script: 30000}, unhandledPromptBehavior: dismiss and notify, webauthn:extension:credBlob: true, webauthn:extension:largeBlob: true, webauthn:virtualAuthenticators: true}
Session ID: 8bda3954266186d144ec7889ac31014b">
      <![CDATA[org.openqa.selenium.WebDriverException: disconnected: Unable to receive message from renderer
  (Session info: chrome=97.0.4692.71)
Build info: version: '4.1.1', revision: 'e8fcc2cecf'
System info: host: 'BABA-RASHEED', ip: '192.168.8.101', os.name: 'Windows 7', os.arch: 'amd64', os.version: '6.1', java.version: '16.0.2'
Driver info: org.openqa.selenium.chrome.ChromeDriver
Command: [8bda3954266186d144ec7889ac31014b, get {url=https://www.daraz.pk/}]
Capabilities {acceptInsecureCerts: false, browserName: chrome, browserVersion: 97.0.4692.71, chrome: {chromedriverVersion: 97.0.4692.71 (adefa7837d02a..., userDataDir: C:\Users\Kashan\AppData\Loc...}, goog:chromeOptions: {debuggerAddress: localhost:58406}, javascriptEnabled: true, networkConnectionEnabled: false, pageLoadStrategy: normal, platform: WINDOWS, platformName: WINDOWS, proxy: Proxy(), se:cdp: ws://localhost:58406/devtoo..., se:cdpVersion: 97.0.4692.71, setWindowRect: true, strictFileInteractability: false, timeouts: {implicit: 0, pageLoad: 300000, script: 30000}, unhandledPromptBehavior: dismiss and notify, webauthn:extension:credBlob: true, webauthn:extension:largeBlob: true, webauthn:virtualAuthenticators: true}
Session ID: 8bda3954266186d144ec7889ac31014b
	at org.openqa.selenium.remote.codec.w3c.W3CHttpResponseCodec.createException(W3CHttpResponseCodec.java:200)
	at org.openqa.selenium.remote.codec.w3c.W3CHttpResponseCodec.decode(W3CHttpResponseCodec.java:133)
	at org.openqa.selenium.remote.codec.w3c.W3CHttpResponseCodec.decode(W3CHttpResponseCodec.java:53)
	at org.openqa.selenium.remote.HttpCommandExecutor.execute(HttpCommandExecutor.java:184)
	at org.openqa.selenium.remote.service.DriverCommandExecutor.invokeExecute(DriverCommandExecutor.java:167)
	at org.openqa.selenium.remote.service.DriverCommandExecutor.execute(DriverCommandExecutor.java:142)
	at org.openqa.selenium.remote.RemoteWebDriver.execute(RemoteWebDriver.java:543)
	at org.openqa.selenium.remote.RemoteWebDriver.get(RemoteWebDriver.java:312)
	at E2EDaraz.TestSialkotBrand.StartCricketPage(TestSialkotBrand.java:22)
... Removed 27 stack frames]]>
    </failure>
  </testcase> <!-- @BeforeTest StartCricketPage -->
  <testcase classname="E2EDaraz.TestASSportsBrand" name="@AfterTest ClosBrowser" time="0.0">
    <skipped/>
  </testcase> <!-- @AfterTest ClosBrowser -->
  <testcase classname="E2EDaraz.TestASSportsBrand" name="@AfterTest ClosBrowser" time="0.0">
    <skipped/>
  </testcase> <!-- @AfterTest ClosBrowser -->
  <testcase classname="E2EDaraz.TestASSportsBrand" name="@AfterTest Closebrowser" time="0.0">
    <skipped/>
  </testcase> <!-- @AfterTest Closebrowser -->
  <testcase classname="E2EDaraz.TestAccessoriesCount" name="CountAccessories" time="0.006">
    <skipped/>
  </testcase> <!-- CountAccessories -->
  <testcase classname="E2EDaraz.TestTSlinks" name="TTSlinks" time="0.011">
    <skipped/>
  </testcase> <!-- TTSlinks -->
  <testcase classname="E2EDaraz.TestSialkotBrand" name="ProductCountBsialkot" time="0.005">
    <skipped/>
  </testcase> <!-- ProductCountBsialkot -->
  <testcase classname="E2EDaraz.TestASSportsBrand" name="ASSportslink" time="0.005">
    <skipped/>
  </testcase> <!-- ASSportslink -->
</testsuite> <!-- Test -->
